#
# There is insufficient memory for the Java Runtime Environment to continue.
# Native memory allocation (malloc) failed to allocate 1861136 bytes for Chunk::new
# Possible reasons:
#   The system is out of physical RAM or swap space
#   The process is running with CompressedOops enabled, and the Java Heap may be blocking the growth of the native heap
# Possible solutions:
#   Reduce memory load on the system
#   Increase physical memory or swap space
#   Check if swap backing store is full
#   Decrease Java heap size (-Xmx/-Xms)
#   Decrease number of Java threads
#   Decrease Java thread stack sizes (-Xss)
#   Set larger code cache with -XX:ReservedCodeCacheSize=
#   JVM is running with Zero Based Compressed Oops mode in which the Java heap is
#     placed in the first 32GB address space. The Java Heap base address is the
#     maximum limit for the native heap growth. Please use -XX:HeapBaseMinAddress
#     to set the Java Heap base and to place the Java Heap above 32GB virtual address.
# This output file may be truncated or incomplete.
#
#  Out of Memory Error (arena.cpp:189), pid=37024, tid=11576
#
# JRE version: Java(TM) SE Runtime Environment (17.0.9+11) (build 17.0.9+11-LTS-201)
# Java VM: Java HotSpot(TM) 64-Bit Server VM (17.0.9+11-LTS-201, mixed mode, sharing, tiered, compressed oops, compressed class ptrs, g1 gc, windows-amd64)
# No core dump will be written. Minidumps are not enabled by default on client versions of Windows
#

---------------  S U M M A R Y ------------

Command Line: --enable-native-access=ALL-UNNAMED -Dclassworlds.conf=C:\Users\user\.m2\wrapper\dists\apache-maven-3.9.11\03d7e36a140982eea48e22c1dcac01d8862b2550b2939e09a0809bbc5182a5bc\bin\m2.conf -Dmaven.home=C:\Users\user\.m2\wrapper\dists\apache-maven-3.9.11\03d7e36a140982eea48e22c1dcac01d8862b2550b2939e09a0809bbc5182a5bc -Dlibrary.jansi.path=C:\Users\user\.m2\wrapper\dists\apache-maven-3.9.11\03d7e36a140982eea48e22c1dcac01d8862b2550b2939e09a0809bbc5182a5bc\lib\jansi-native -Dmaven.multiModuleProjectDirectory=E:\Projects\tonalli-backend org.codehaus.plexus.classworlds.launcher.Launcher clean spring-boot:run

Host: AMD Ryzen 7 5700G with Radeon Graphics         , 16 cores, 31G,  Windows 11 , 64 bit Build 26100 (10.0.26100.7019)
Time: Sun Nov 16 01:17:32 2025 Hora estándar central (México) elapsed time: 7.542336 seconds (0d 0h 0m 7s)

---------------  T H R E A D  ---------------

Current thread (0x000001a9f91b9b90):  JavaThread "C2 CompilerThread0" daemon [_thread_in_native, id=11576, stack(0x000000568a400000,0x000000568a500000)]


Current CompileTask:
C2:   7542 8740       4       java.lang.invoke.MethodType::makeImpl (109 bytes)

Stack: [0x000000568a400000,0x000000568a500000]
Native frames: (J=compiled Java code, j=interpreted, Vv=VM code, C=native code)
V  [jvm.dll+0x678a4a]
V  [jvm.dll+0x7d9cfd]
V  [jvm.dll+0x7db60e]
V  [jvm.dll+0x7dbc73]
V  [jvm.dll+0x245e1f]
V  [jvm.dll+0xaaafb]
V  [jvm.dll+0xab09c]
V  [jvm.dll+0x36232f]
V  [jvm.dll+0x32ca01]
V  [jvm.dll+0x32be9a]
V  [jvm.dll+0x21812f]
V  [jvm.dll+0x217561]
V  [jvm.dll+0x1a3bc0]
V  [jvm.dll+0x2272de]
V  [jvm.dll+0x22548b]
V  [jvm.dll+0x78f58c]
V  [jvm.dll+0x78998a]
V  [jvm.dll+0x677875]
C  [ucrtbase.dll+0x37b0]
C  [KERNEL32.DLL+0x2e8d7]
C  [ntdll.dll+0x8c53c]


---------------  P R O C E S S  ---------------

Threads class SMR info:
_java_thread_list=0x000001a9c95e5d00, length=18, elements={
0x000001a9d72766c0, 0x000001a9f9199ae0, 0x000001a9f919ab30, 0x000001a9f91b0440,
0x000001a9f91b0920, 0x000001a9f91b2980, 0x000001a9f91b79e0, 0x000001a9f91b9b90,
0x000001a9f91bf010, 0x000001a9c908aad0, 0x000001a9c91897b0, 0x000001a9c91c7ef0,
0x000001a9c91d1870, 0x000001a9c9bf64e0, 0x000001a9c9bf6a00, 0x000001a9cef01f10,
0x000001a9c9540fe0, 0x000001a9cf414270
}

Java Threads: ( => current thread )
  0x000001a9d72766c0 JavaThread "main" [_thread_in_native, id=40076, stack(0x0000005689700000,0x0000005689800000)]
  0x000001a9f9199ae0 JavaThread "Reference Handler" daemon [_thread_blocked, id=18964, stack(0x0000005689e00000,0x0000005689f00000)]
  0x000001a9f919ab30 JavaThread "Finalizer" daemon [_thread_blocked, id=40044, stack(0x0000005689f00000,0x000000568a000000)]
  0x000001a9f91b0440 JavaThread "Signal Dispatcher" daemon [_thread_blocked, id=31024, stack(0x000000568a000000,0x000000568a100000)]
  0x000001a9f91b0920 JavaThread "Attach Listener" daemon [_thread_blocked, id=26176, stack(0x000000568a100000,0x000000568a200000)]
  0x000001a9f91b2980 JavaThread "Service Thread" daemon [_thread_blocked, id=32344, stack(0x000000568a200000,0x000000568a300000)]
  0x000001a9f91b79e0 JavaThread "Monitor Deflation Thread" daemon [_thread_blocked, id=33888, stack(0x000000568a300000,0x000000568a400000)]
=>0x000001a9f91b9b90 JavaThread "C2 CompilerThread0" daemon [_thread_in_native, id=11576, stack(0x000000568a400000,0x000000568a500000)]
  0x000001a9f91bf010 JavaThread "C1 CompilerThread0" daemon [_thread_blocked, id=14856, stack(0x000000568a500000,0x000000568a600000)]
  0x000001a9c908aad0 JavaThread "Sweeper thread" daemon [_thread_blocked, id=37936, stack(0x000000568a600000,0x000000568a700000)]
  0x000001a9c91897b0 JavaThread "C1 CompilerThread1" daemon [_thread_blocked, id=40600, stack(0x000000568a700000,0x000000568a800000)]
  0x000001a9c91c7ef0 JavaThread "Notification Thread" daemon [_thread_blocked, id=29976, stack(0x000000568a800000,0x000000568a900000)]
  0x000001a9c91d1870 JavaThread "Common-Cleaner" daemon [_thread_blocked, id=24600, stack(0x000000568aa00000,0x000000568ab00000)]
  0x000001a9c9bf64e0 JavaThread "C1 CompilerThread2" daemon [_thread_blocked, id=4080, stack(0x000000568ad00000,0x000000568ae00000)]
  0x000001a9c9bf6a00 JavaThread "C1 CompilerThread3" daemon [_thread_blocked, id=10396, stack(0x000000568ae00000,0x000000568af00000)]
  0x000001a9cef01f10 JavaThread "Thread-1" daemon [_thread_blocked, id=39436, stack(0x000000568bf00000,0x000000568c000000)]
  0x000001a9c9540fe0 JavaThread "C2 CompilerThread1" daemon [_thread_blocked, id=22956, stack(0x000000568ab00000,0x000000568ac00000)]
  0x000001a9cf414270 JavaThread "C2 CompilerThread2" daemon [_thread_blocked, id=23508, stack(0x000000568ac00000,0x000000568ad00000)]

Other Threads:
  0x000001a9f91956c0 VMThread "VM Thread" [stack: 0x0000005689d00000,0x0000005689e00000] [id=4780]
  0x000001a9c91d1430 WatcherThread [stack: 0x000000568a900000,0x000000568aa00000] [id=10716]
  0x000001a9d73279f0 GCTaskThread "GC Thread#0" [stack: 0x0000005689800000,0x0000005689900000] [id=38916]
  0x000001a9ce5288a0 GCTaskThread "GC Thread#1" [stack: 0x000000568b400000,0x000000568b500000] [id=14680]
  0x000001a9ce06bb50 GCTaskThread "GC Thread#2" [stack: 0x000000568b500000,0x000000568b600000] [id=28288]
  0x000001a9ce1c8fe0 GCTaskThread "GC Thread#3" [stack: 0x000000568b600000,0x000000568b700000] [id=9160]
  0x000001a9c93a85f0 GCTaskThread "GC Thread#4" [stack: 0x000000568b700000,0x000000568b800000] [id=26924]
  0x000001a9ce0f2b80 GCTaskThread "GC Thread#5" [stack: 0x000000568b800000,0x000000568b900000] [id=15720]
  0x000001a9ce0f2e40 GCTaskThread "GC Thread#6" [stack: 0x000000568b900000,0x000000568ba00000] [id=12776]
  0x000001a9ce0f3100 GCTaskThread "GC Thread#7" [stack: 0x000000568ba00000,0x000000568bb00000] [id=25892]
  0x000001a9c97c2840 GCTaskThread "GC Thread#8" [stack: 0x000000568bb00000,0x000000568bc00000] [id=35004]
  0x000001a9c97c2b00 GCTaskThread "GC Thread#9" [stack: 0x000000568bc00000,0x000000568bd00000] [id=31896]
  0x000001a9c961bca0 GCTaskThread "GC Thread#10" [stack: 0x000000568bd00000,0x000000568be00000] [id=39268]
  0x000001a9c97c31d0 GCTaskThread "GC Thread#11" [stack: 0x000000568be00000,0x000000568bf00000] [id=18512]
  0x000001a9cf0172f0 GCTaskThread "GC Thread#12" [stack: 0x000000568c000000,0x000000568c100000] [id=35356]
  0x000001a9d7338400 ConcurrentGCThread "G1 Main Marker" [stack: 0x0000005689900000,0x0000005689a00000] [id=4744]
  0x000001a9d733a8a0 ConcurrentGCThread "G1 Conc#0" [stack: 0x0000005689a00000,0x0000005689b00000] [id=16812]
  0x000001a9cf016530 ConcurrentGCThread "G1 Conc#1" [stack: 0x000000568af00000,0x000000568b000000] [id=38308]
  0x000001a9cf0167f0 ConcurrentGCThread "G1 Conc#2" [stack: 0x000000568b000000,0x000000568b100000] [id=37560]
  0x000001a9f90ce570 ConcurrentGCThread "G1 Refine#0" [stack: 0x0000005689b00000,0x0000005689c00000] [id=4276]
  0x000001a9c93f8690 ConcurrentGCThread "G1 Refine#1" [stack: 0x000000568b100000,0x000000568b200000] [id=28944]
  0x000001a9c947d610 ConcurrentGCThread "G1 Refine#2" [stack: 0x000000568b200000,0x000000568b300000] [id=16560]
  0x000001a9c947aae0 ConcurrentGCThread "G1 Refine#3" [stack: 0x000000568b300000,0x000000568b400000] [id=2204]
  0x000001a9c9530cf0 ConcurrentGCThread "G1 Refine#4" [stack: 0x000000568c100000,0x000000568c200000] [id=6136]
  0x000001a9ceb9c130 ConcurrentGCThread "G1 Refine#5" [stack: 0x000000568c200000,0x000000568c300000] [id=16996]
  0x000001a9cffeb6e0 ConcurrentGCThread "G1 Refine#6" [stack: 0x000000568c300000,0x000000568c400000] [id=37728]
  0x000001a9c93b75e0 ConcurrentGCThread "G1 Refine#7" [stack: 0x000000568c400000,0x000000568c500000] [id=39764]
  0x000001a9ce156d20 ConcurrentGCThread "G1 Refine#8" [stack: 0x000000568c500000,0x000000568c600000] [id=1872]
  0x000001a9c9188430 ConcurrentGCThread "G1 Refine#9" [stack: 0x000000568c600000,0x000000568c700000] [id=26532]
  0x000001a9f90ce860 ConcurrentGCThread "G1 Service" [stack: 0x0000005689c00000,0x0000005689d00000] [id=28688]

Threads with active compile tasks:
C2 CompilerThread0     7567 8740       4       java.lang.invoke.MethodType::makeImpl (109 bytes)

VM state: not at safepoint (normal execution)

VM Mutex/Monitor currently owned by a thread: None

Heap address: 0x000000060b400000, size: 8012 MB, Compressed Oops mode: Zero based, Oop shift amount: 3

CDS archive(s) mapped at: [0x000001a988000000-0x000001a988bd0000-0x000001a988bd0000), size 12386304, SharedBaseAddress: 0x000001a988000000, ArchiveRelocationMode: 1.
Compressed class space mapped at: 0x000001a989000000-0x000001a9c9000000, reserved size: 1073741824
Narrow klass base: 0x000001a988000000, Narrow klass shift: 0, Narrow klass range: 0x100000000

GC Precious Log:
 CPUs: 16 total, 16 available
 Memory: 32043M
 Large Page Support: Disabled
 NUMA Support: Disabled
 Compressed Oops: Enabled (Zero based)
 Heap Region Size: 4M
 Heap Min Capacity: 8M
 Heap Initial Capacity: 504M
 Heap Max Capacity: 8012M
 Pre-touch: Disabled
 Parallel Workers: 13
 Concurrent Workers: 3
 Concurrent Refinement Workers: 13
 Periodic GC: Disabled

Heap:
 garbage-first heap   total 307200K, used 61272K [0x000000060b400000, 0x0000000800000000)
  region size 4096K, 7 young (28672K), 4 survivors (16384K)
 Metaspace       used 33898K, committed 34304K, reserved 1114112K
  class space    used 3847K, committed 4032K, reserved 1048576K

Heap Regions: E=young(eden), S=young(survivor), O=old, HS=humongous(starts), HC=humongous(continues), CS=collection set, F=free, OA=open archive, CA=closed archive, TAMS=top-at-mark-start (previous, next)
|   0|0x000000060b400000, 0x000000060b800000, 0x000000060b800000|100%| O|  |TAMS 0x000000060b400000, 0x000000060b400000| Untracked 
|   1|0x000000060b800000, 0x000000060bc00000, 0x000000060bc00000|100%| O|  |TAMS 0x000000060b800000, 0x000000060b800000| Untracked 
|   2|0x000000060bc00000, 0x000000060c000000, 0x000000060c000000|100%| O|  |TAMS 0x000000060bc00000, 0x000000060bc00000| Untracked 
|   3|0x000000060c000000, 0x000000060c400000, 0x000000060c400000|100%| O|  |TAMS 0x000000060c000000, 0x000000060c000000| Untracked 
|   4|0x000000060c400000, 0x000000060c800000, 0x000000060c800000|100%| O|  |TAMS 0x000000060c400000, 0x000000060c400000| Untracked 
|   5|0x000000060c800000, 0x000000060cc00000, 0x000000060cc00000|100%| O|  |TAMS 0x000000060c800000, 0x000000060c800000| Untracked 
|   6|0x000000060cc00000, 0x000000060d000000, 0x000000060d000000|100%| O|  |TAMS 0x000000060cc00000, 0x000000060cc00000| Untracked 
|   7|0x000000060d000000, 0x000000060d400000, 0x000000060d400000|100%| O|  |TAMS 0x000000060d000000, 0x000000060d000000| Untracked 
|   8|0x000000060d400000, 0x000000060d62b400, 0x000000060d800000| 54%| O|  |TAMS 0x000000060d400000, 0x000000060d400000| Untracked 
|   9|0x000000060d800000, 0x000000060d800000, 0x000000060dc00000|  0%| F|  |TAMS 0x000000060d800000, 0x000000060d800000| Untracked 
|  10|0x000000060dc00000, 0x000000060e000000, 0x000000060e000000|100%| O|  |TAMS 0x000000060dc00000, 0x000000060dc00000| Untracked 
|  11|0x000000060e000000, 0x000000060e000000, 0x000000060e400000|  0%| F|  |TAMS 0x000000060e000000, 0x000000060e000000| Untracked 
|  12|0x000000060e400000, 0x000000060e400000, 0x000000060e800000|  0%| F|  |TAMS 0x000000060e400000, 0x000000060e400000| Untracked 
|  13|0x000000060e800000, 0x000000060e800000, 0x000000060ec00000|  0%| F|  |TAMS 0x000000060e800000, 0x000000060e800000| Untracked 
|  14|0x000000060ec00000, 0x000000060ec00000, 0x000000060f000000|  0%| F|  |TAMS 0x000000060ec00000, 0x000000060ec00000| Untracked 
|  15|0x000000060f000000, 0x000000060f000000, 0x000000060f400000|  0%| F|  |TAMS 0x000000060f000000, 0x000000060f000000| Untracked 
|  16|0x000000060f400000, 0x000000060f400000, 0x000000060f800000|  0%| F|  |TAMS 0x000000060f400000, 0x000000060f400000| Untracked 
|  17|0x000000060f800000, 0x000000060f800000, 0x000000060fc00000|  0%| F|  |TAMS 0x000000060f800000, 0x000000060f800000| Untracked 
|  18|0x000000060fc00000, 0x000000060fc00000, 0x0000000610000000|  0%| F|  |TAMS 0x000000060fc00000, 0x000000060fc00000| Untracked 
|  19|0x0000000610000000, 0x0000000610000000, 0x0000000610400000|  0%| F|  |TAMS 0x0000000610000000, 0x0000000610000000| Untracked 
|  20|0x0000000610400000, 0x0000000610400000, 0x0000000610800000|  0%| F|  |TAMS 0x0000000610400000, 0x0000000610400000| Untracked 
|  21|0x0000000610800000, 0x0000000610800000, 0x0000000610c00000|  0%| F|  |TAMS 0x0000000610800000, 0x0000000610800000| Untracked 
|  22|0x0000000610c00000, 0x0000000610c00000, 0x0000000611000000|  0%| F|  |TAMS 0x0000000610c00000, 0x0000000610c00000| Untracked 
|  23|0x0000000611000000, 0x0000000611000000, 0x0000000611400000|  0%| F|  |TAMS 0x0000000611000000, 0x0000000611000000| Untracked 
|  24|0x0000000611400000, 0x0000000611400000, 0x0000000611800000|  0%| F|  |TAMS 0x0000000611400000, 0x0000000611400000| Untracked 
|  25|0x0000000611800000, 0x0000000611800000, 0x0000000611c00000|  0%| F|  |TAMS 0x0000000611800000, 0x0000000611800000| Untracked 
|  26|0x0000000611c00000, 0x0000000611c00000, 0x0000000612000000|  0%| F|  |TAMS 0x0000000611c00000, 0x0000000611c00000| Untracked 
|  27|0x0000000612000000, 0x0000000612000000, 0x0000000612400000|  0%| F|  |TAMS 0x0000000612000000, 0x0000000612000000| Untracked 
|  28|0x0000000612400000, 0x0000000612400000, 0x0000000612800000|  0%| F|  |TAMS 0x0000000612400000, 0x0000000612400000| Untracked 
|  29|0x0000000612800000, 0x00000006129aad18, 0x0000000612c00000| 41%| S|CS|TAMS 0x0000000612800000, 0x0000000612800000| Complete 
|  30|0x0000000612c00000, 0x0000000613000000, 0x0000000613000000|100%| S|CS|TAMS 0x0000000612c00000, 0x0000000612c00000| Complete 
|  31|0x0000000613000000, 0x0000000613400000, 0x0000000613400000|100%| S|CS|TAMS 0x0000000613000000, 0x0000000613000000| Complete 
|  32|0x0000000613400000, 0x0000000613800000, 0x0000000613800000|100%| S|CS|TAMS 0x0000000613400000, 0x0000000613400000| Complete 
|  33|0x0000000613800000, 0x0000000613800000, 0x0000000613c00000|  0%| F|  |TAMS 0x0000000613800000, 0x0000000613800000| Untracked 
|  34|0x0000000613c00000, 0x0000000613c00000, 0x0000000614000000|  0%| F|  |TAMS 0x0000000613c00000, 0x0000000613c00000| Untracked 
|  35|0x0000000614000000, 0x0000000614000000, 0x0000000614400000|  0%| F|  |TAMS 0x0000000614000000, 0x0000000614000000| Untracked 
|  36|0x0000000614400000, 0x0000000614400000, 0x0000000614800000|  0%| F|  |TAMS 0x0000000614400000, 0x0000000614400000| Untracked 
|  37|0x0000000614800000, 0x0000000614800000, 0x0000000614c00000|  0%| F|  |TAMS 0x0000000614800000, 0x0000000614800000| Untracked 
|  38|0x0000000614c00000, 0x0000000614c00000, 0x0000000615000000|  0%| F|  |TAMS 0x0000000614c00000, 0x0000000614c00000| Untracked 
|  39|0x0000000615000000, 0x0000000615000000, 0x0000000615400000|  0%| F|  |TAMS 0x0000000615000000, 0x0000000615000000| Untracked 
|  40|0x0000000615400000, 0x0000000615400000, 0x0000000615800000|  0%| F|  |TAMS 0x0000000615400000, 0x0000000615400000| Untracked 
|  41|0x0000000615800000, 0x0000000615800000, 0x0000000615c00000|  0%| F|  |TAMS 0x0000000615800000, 0x0000000615800000| Untracked 
|  42|0x0000000615c00000, 0x0000000615c00000, 0x0000000616000000|  0%| F|  |TAMS 0x0000000615c00000, 0x0000000615c00000| Untracked 
|  43|0x0000000616000000, 0x0000000616000000, 0x0000000616400000|  0%| F|  |TAMS 0x0000000616000000, 0x0000000616000000| Untracked 
|  44|0x0000000616400000, 0x0000000616400000, 0x0000000616800000|  0%| F|  |TAMS 0x0000000616400000, 0x0000000616400000| Untracked 
|  45|0x0000000616800000, 0x0000000616800000, 0x0000000616c00000|  0%| F|  |TAMS 0x0000000616800000, 0x0000000616800000| Untracked 
|  46|0x0000000616c00000, 0x0000000616c00000, 0x0000000617000000|  0%| F|  |TAMS 0x0000000616c00000, 0x0000000616c00000| Untracked 
|  47|0x0000000617000000, 0x0000000617000000, 0x0000000617400000|  0%| F|  |TAMS 0x0000000617000000, 0x0000000617000000| Untracked 
|  48|0x0000000617400000, 0x0000000617400000, 0x0000000617800000|  0%| F|  |TAMS 0x0000000617400000, 0x0000000617400000| Untracked 
|  49|0x0000000617800000, 0x0000000617800000, 0x0000000617c00000|  0%| F|  |TAMS 0x0000000617800000, 0x0000000617800000| Untracked 
|  50|0x0000000617c00000, 0x0000000617c00000, 0x0000000618000000|  0%| F|  |TAMS 0x0000000617c00000, 0x0000000617c00000| Untracked 
|  51|0x0000000618000000, 0x0000000618000000, 0x0000000618400000|  0%| F|  |TAMS 0x0000000618000000, 0x0000000618000000| Untracked 
|  52|0x0000000618400000, 0x0000000618400000, 0x0000000618800000|  0%| F|  |TAMS 0x0000000618400000, 0x0000000618400000| Untracked 
|  53|0x0000000618800000, 0x0000000618800000, 0x0000000618c00000|  0%| F|  |TAMS 0x0000000618800000, 0x0000000618800000| Untracked 
|  54|0x0000000618c00000, 0x0000000618c00000, 0x0000000619000000|  0%| F|  |TAMS 0x0000000618c00000, 0x0000000618c00000| Untracked 
|  55|0x0000000619000000, 0x0000000619000000, 0x0000000619400000|  0%| F|  |TAMS 0x0000000619000000, 0x0000000619000000| Untracked 
|  56|0x0000000619400000, 0x0000000619400000, 0x0000000619800000|  0%| F|  |TAMS 0x0000000619400000, 0x0000000619400000| Untracked 
|  57|0x0000000619800000, 0x0000000619800000, 0x0000000619c00000|  0%| F|  |TAMS 0x0000000619800000, 0x0000000619800000| Untracked 
|  58|0x0000000619c00000, 0x0000000619c00000, 0x000000061a000000|  0%| F|  |TAMS 0x0000000619c00000, 0x0000000619c00000| Untracked 
|  59|0x000000061a000000, 0x000000061a000000, 0x000000061a400000|  0%| F|  |TAMS 0x000000061a000000, 0x000000061a000000| Untracked 
|  60|0x000000061a400000, 0x000000061a400000, 0x000000061a800000|  0%| F|  |TAMS 0x000000061a400000, 0x000000061a400000| Untracked 
|  61|0x000000061a800000, 0x000000061a800000, 0x000000061ac00000|  0%| F|  |TAMS 0x000000061a800000, 0x000000061a800000| Untracked 
|  62|0x000000061ac00000, 0x000000061ac00000, 0x000000061b000000|  0%| F|  |TAMS 0x000000061ac00000, 0x000000061ac00000| Untracked 
|  63|0x000000061b000000, 0x000000061b000000, 0x000000061b400000|  0%| F|  |TAMS 0x000000061b000000, 0x000000061b000000| Untracked 
|  64|0x000000061b400000, 0x000000061b400000, 0x000000061b800000|  0%| F|  |TAMS 0x000000061b400000, 0x000000061b400000| Untracked 
|  65|0x000000061b800000, 0x000000061b800000, 0x000000061bc00000|  0%| F|  |TAMS 0x000000061b800000, 0x000000061b800000| Untracked 
|  66|0x000000061bc00000, 0x000000061bc00000, 0x000000061c000000|  0%| F|  |TAMS 0x000000061bc00000, 0x000000061bc00000| Untracked 
|  67|0x000000061c000000, 0x000000061c000000, 0x000000061c400000|  0%| F|  |TAMS 0x000000061c000000, 0x000000061c000000| Untracked 
|  68|0x000000061c400000, 0x000000061c400000, 0x000000061c800000|  0%| F|  |TAMS 0x000000061c400000, 0x000000061c400000| Untracked 
|  96|0x0000000623400000, 0x0000000623400000, 0x0000000623800000|  0%| F|  |TAMS 0x0000000623400000, 0x0000000623400000| Untracked 
|  97|0x0000000623800000, 0x0000000623800000, 0x0000000623c00000|  0%| F|  |TAMS 0x0000000623800000, 0x0000000623800000| Untracked 
|  98|0x0000000623c00000, 0x0000000623c00000, 0x0000000624000000|  0%| F|  |TAMS 0x0000000623c00000, 0x0000000623c00000| Untracked 
|  99|0x0000000624000000, 0x0000000624400000, 0x0000000624400000|100%| E|  |TAMS 0x0000000624000000, 0x0000000624000000| Complete 
| 100|0x0000000624400000, 0x0000000624800000, 0x0000000624800000|100%| E|CS|TAMS 0x0000000624400000, 0x0000000624400000| Complete 
| 125|0x000000062a800000, 0x000000062ac00000, 0x000000062ac00000|100%| E|CS|TAMS 0x000000062a800000, 0x000000062a800000| Complete 

Card table byte_map: [0x000001a9ef340000,0x000001a9f02f0000] _byte_map_base: 0x000001a9ec2e6000

Marking Bits (Prev, Next): (CMBitMap*) 0x000001a9d7327f60, (CMBitMap*) 0x000001a9d7327f20
 Prev Bits: [0x000001a980000000, 0x000001a987d30000)
 Next Bits: [0x000001a9f12a0000, 0x000001a9f8fd0000)

Polling page: 0x000001a9d4f80000

Metaspace:

Usage:
  Non-class:     29.35 MB used.
      Class:      3.76 MB used.
       Both:     33.10 MB used.

Virtual space:
  Non-class space:       64.00 MB reserved,      29.56 MB ( 46%) committed,  1 nodes.
      Class space:        1.00 GB reserved,       3.94 MB ( <1%) committed,  1 nodes.
             Both:        1.06 GB reserved,      33.50 MB (  3%) committed. 

Chunk freelists:
   Non-Class:  2.38 MB
       Class:  12.11 MB
        Both:  14.48 MB

MaxMetaspaceSize: unlimited
CompressedClassSpaceSize: 1.00 GB
Initial GC threshold: 21.00 MB
Current GC threshold: 35.44 MB
CDS: on
MetaspaceReclaimPolicy: balanced
 - commit_granule_bytes: 65536.
 - commit_granule_words: 8192.
 - virtual_space_node_default_size: 8388608.
 - enlarge_chunks_in_place: 1.
 - new_chunks_are_fully_committed: 0.
 - uncommit_free_chunks: 1.
 - use_allocation_guard: 0.
 - handle_deallocations: 1.


Internal statistics:

num_allocs_failed_limit: 3.
num_arena_births: 310.
num_arena_deaths: 0.
num_vsnodes_births: 2.
num_vsnodes_deaths: 0.
num_space_committed: 536.
num_space_uncommitted: 0.
num_chunks_returned_to_freelist: 3.
num_chunks_taken_from_freelist: 1568.
num_chunk_merges: 3.
num_chunk_splits: 1085.
num_chunks_enlarged: 833.
num_inconsistent_stats: 0.

CodeHeap 'non-profiled nmethods': size=119168Kb used=5037Kb max_used=5037Kb free=114130Kb
 bounds [0x000001a9e66b0000, 0x000001a9e6ba0000, 0x000001a9edb10000]
CodeHeap 'profiled nmethods': size=119104Kb used=18637Kb max_used=18637Kb free=100466Kb
 bounds [0x000001a9deb10000, 0x000001a9dfd50000, 0x000001a9e5f60000]
CodeHeap 'non-nmethods': size=7488Kb used=2915Kb max_used=3078Kb free=4572Kb
 bounds [0x000001a9e5f60000, 0x000001a9e6270000, 0x000001a9e66b0000]
 total_blobs=8479 nmethods=7946 adapters=442
 compilation: enabled
              stopped_count=0, restarted_count=0
 full_count=0

Compilation events (20 events):
Event: 7.270 Thread 0x000001a9c91897b0 nmethod 8762 0x000001a9dfd40510 code [0x000001a9dfd406e0, 0x000001a9dfd40b48]
Event: 7.270 Thread 0x000001a9c9bf6a00 nmethod 8761 0x000001a9dfd40c90 code [0x000001a9dfd40e60, 0x000001a9dfd41348]
Event: 7.270 Thread 0x000001a9c91897b0 8766       3       java.lang.ProcessEnvironment$CheckedEntry::getValue (5 bytes)
Event: 7.270 Thread 0x000001a9c9bf6a00 8767       3       java.lang.ProcessEnvironment$CheckedEntry::getValue (13 bytes)
Event: 7.271 Thread 0x000001a9c9bf64e0 nmethod 8764 0x000001a9dfd41510 code [0x000001a9dfd416c0, 0x000001a9dfd41a08]
Event: 7.271 Thread 0x000001a9c9bf6a00 nmethod 8767 0x000001a9dfd41b10 code [0x000001a9dfd41cc0, 0x000001a9dfd41f88]
Event: 7.271 Thread 0x000001a9f91bf010 nmethod 8765 0x000001a9dfd42090 code [0x000001a9dfd42240, 0x000001a9dfd42508]
Event: 7.271 Thread 0x000001a9c91897b0 nmethod 8766 0x000001a9dfd42610 code [0x000001a9dfd427c0, 0x000001a9dfd42b08]
Event: 7.272 Thread 0x000001a9f91bf010 8768       3       java.lang.ProcessEnvironment$EntryComparator::compare (13 bytes)
Event: 7.272 Thread 0x000001a9c9bf64e0 8769       3       java.lang.ProcessEnvironment$EntryComparator::compare (25 bytes)
Event: 7.272 Thread 0x000001a9c9bf64e0 nmethod 8769 0x000001a9dfd42c10 code [0x000001a9dfd42de0, 0x000001a9dfd432c8]
Event: 7.272 Thread 0x000001a9f91bf010 nmethod 8768 0x000001a9dfd43410 code [0x000001a9dfd43600, 0x000001a9dfd43d68]
Event: 7.275 Thread 0x000001a9c9540fe0 nmethod 8742 0x000001a9e6b98b90 code [0x000001a9e6b98d80, 0x000001a9e6b99d68]
Event: 7.280 Thread 0x000001a9c9540fe0 8773   !   4       java.lang.invoke.MemberName::getMethodType (211 bytes)
Event: 7.280 Thread 0x000001a9c91897b0 8774       3       java.lang.invoke.LambdaForm$BasicType::basicType (187 bytes)
Event: 7.281 Thread 0x000001a9c91897b0 nmethod 8774 0x000001a9dfd43f10 code [0x000001a9dfd441a0, 0x000001a9dfd44ce8]
Event: 7.281 Thread 0x000001a9c9540fe0 nmethod 8773 0x000001a9e6b9af10 code [0x000001a9e6b9b0a0, 0x000001a9e6b9b178]
Event: 7.283 Thread 0x000001a9c91897b0 8776       3       java.lang.invoke.MethodHandles$Lookup::getDirectConstructor (10 bytes)
Event: 7.283 Thread 0x000001a9c91897b0 nmethod 8776 0x000001a9dfd44f90 code [0x000001a9dfd45120, 0x000001a9dfd45268]
Event: 7.297 Thread 0x000001a9cf414270 


GC Heap History (18 events):
Event: 0.494 GC heap before
{Heap before GC invocations=0 (full 0):
 garbage-first heap   total 516096K, used 24576K [0x000000060b400000, 0x0000000800000000)
  region size 4096K, 6 young (24576K), 0 survivors (0K)
 Metaspace       used 5420K, committed 5632K, reserved 1114112K
  class space    used 651K, committed 768K, reserved 1048576K
}
Event: 0.496 GC heap after
{Heap after GC invocations=1 (full 0):
 garbage-first heap   total 516096K, used 3827K [0x000000060b400000, 0x0000000800000000)
  region size 4096K, 1 young (4096K), 1 survivors (4096K)
 Metaspace       used 5420K, committed 5632K, reserved 1114112K
  class space    used 651K, committed 768K, reserved 1048576K
}
Event: 0.790 GC heap before
{Heap before GC invocations=1 (full 0):
 garbage-first heap   total 516096K, used 28403K [0x000000060b400000, 0x0000000800000000)
  region size 4096K, 7 young (28672K), 1 survivors (4096K)
 Metaspace       used 7692K, committed 7872K, reserved 1114112K
  class space    used 921K, committed 1024K, reserved 1048576K
}
Event: 0.793 GC heap after
{Heap after GC invocations=2 (full 0):
 garbage-first heap   total 516096K, used 4637K [0x000000060b400000, 0x0000000800000000)
  region size 4096K, 1 young (4096K), 1 survivors (4096K)
 Metaspace       used 7692K, committed 7872K, reserved 1114112K
  class space    used 921K, committed 1024K, reserved 1048576K
}
Event: 1.866 GC heap before
{Heap before GC invocations=2 (full 0):
 garbage-first heap   total 516096K, used 70173K [0x000000060b400000, 0x0000000800000000)
  region size 4096K, 17 young (69632K), 1 survivors (4096K)
 Metaspace       used 15468K, committed 15616K, reserved 1114112K
  class space    used 1846K, committed 1920K, reserved 1048576K
}
Event: 1.870 GC heap after
{Heap after GC invocations=3 (full 0):
 garbage-first heap   total 516096K, used 11691K [0x000000060b400000, 0x0000000800000000)
  region size 4096K, 2 young (8192K), 2 survivors (8192K)
 Metaspace       used 15468K, committed 15616K, reserved 1114112K
  class space    used 1846K, committed 1920K, reserved 1048576K
}
Event: 3.383 GC heap before
{Heap before GC invocations=3 (full 0):
 garbage-first heap   total 516096K, used 101803K [0x000000060b400000, 0x0000000800000000)
  region size 4096K, 25 young (102400K), 2 survivors (8192K)
 Metaspace       used 21271K, committed 21504K, reserved 1114112K
  class space    used 2486K, committed 2624K, reserved 1048576K
}
Event: 3.391 GC heap after
{Heap after GC invocations=4 (full 0):
 garbage-first heap   total 516096K, used 22149K [0x000000060b400000, 0x0000000800000000)
  region size 4096K, 5 young (20480K), 5 survivors (20480K)
 Metaspace       used 21271K, committed 21504K, reserved 1114112K
  class space    used 2486K, committed 2624K, reserved 1048576K
}
Event: 3.830 GC heap before
{Heap before GC invocations=5 (full 0):
 garbage-first heap   total 98304K, used 59013K [0x000000060b400000, 0x0000000800000000)
  region size 4096K, 14 young (57344K), 5 survivors (20480K)
 Metaspace       used 26254K, committed 26560K, reserved 1114112K
  class space    used 3033K, committed 3136K, reserved 1048576K
}
Event: 3.844 GC heap after
{Heap after GC invocations=6 (full 0):
 garbage-first heap   total 98304K, used 31908K [0x000000060b400000, 0x0000000800000000)
  region size 4096K, 2 young (8192K), 2 survivors (8192K)
 Metaspace       used 26254K, committed 26560K, reserved 1114112K
  class space    used 3033K, committed 3136K, reserved 1048576K
}
Event: 3.878 GC heap before
{Heap before GC invocations=6 (full 0):
 garbage-first heap   total 98304K, used 36004K [0x000000060b400000, 0x0000000800000000)
  region size 4096K, 3 young (12288K), 2 survivors (8192K)
 Metaspace       used 26307K, committed 26624K, reserved 1114112K
  class space    used 3036K, committed 3136K, reserved 1048576K
}
Event: 3.896 GC heap after
{Heap after GC invocations=7 (full 0):
 garbage-first heap   total 98304K, used 34832K [0x000000060b400000, 0x0000000800000000)
  region size 4096K, 1 young (4096K), 1 survivors (4096K)
 Metaspace       used 26307K, committed 26624K, reserved 1114112K
  class space    used 3036K, committed 3136K, reserved 1048576K
}
Event: 4.281 GC heap before
{Heap before GC invocations=7 (full 0):
 garbage-first heap   total 98304K, used 55312K [0x000000060b400000, 0x0000000800000000)
  region size 4096K, 7 young (28672K), 1 survivors (4096K)
 Metaspace       used 27380K, committed 27712K, reserved 1114112K
  class space    used 3113K, committed 3264K, reserved 1048576K
}
Event: 4.292 GC heap after
{Heap after GC invocations=8 (full 0):
 garbage-first heap   total 98304K, used 38921K [0x000000060b400000, 0x0000000800000000)
  region size 4096K, 1 young (4096K), 1 survivors (4096K)
 Metaspace       used 27380K, committed 27712K, reserved 1114112K
  class space    used 3113K, committed 3264K, reserved 1048576K
}
Event: 4.633 GC heap before
{Heap before GC invocations=8 (full 0):
 garbage-first heap   total 98304K, used 59401K [0x000000060b400000, 0x0000000800000000)
  region size 4096K, 7 young (28672K), 1 survivors (4096K)
 Metaspace       used 28624K, committed 28928K, reserved 1114112K
  class space    used 3268K, committed 3392K, reserved 1048576K
}
Event: 4.639 GC heap after
{Heap after GC invocations=9 (full 0):
 garbage-first heap   total 307200K, used 39827K [0x000000060b400000, 0x0000000800000000)
  region size 4096K, 1 young (4096K), 1 survivors (4096K)
 Metaspace       used 28624K, committed 28928K, reserved 1114112K
  class space    used 3268K, committed 3392K, reserved 1048576K
}
Event: 7.149 GC heap before
{Heap before GC invocations=9 (full 0):
 garbage-first heap   total 307200K, used 211859K [0x000000060b400000, 0x0000000800000000)
  region size 4096K, 43 young (176128K), 1 survivors (4096K)
 Metaspace       used 33327K, committed 33792K, reserved 1114112K
  class space    used 3781K, committed 3968K, reserved 1048576K
}
Event: 7.159 GC heap after
{Heap after GC invocations=10 (full 0):
 garbage-first heap   total 307200K, used 53080K [0x000000060b400000, 0x0000000800000000)
  region size 4096K, 4 young (16384K), 4 survivors (16384K)
 Metaspace       used 33327K, committed 33792K, reserved 1114112K
  class space    used 3781K, committed 3968K, reserved 1048576K
}

Deoptimization events (20 events):
Event: 7.189 Thread 0x000001a9d72766c0 Uncommon trap: trap_request=0xffffff45 fr.pc=0x000001a9e695f800 relative=0x0000000000001500
Event: 7.189 Thread 0x000001a9d72766c0 Uncommon trap: reason=unstable_if action=reinterpret pc=0x000001a9e695f800 method=java.util.zip.InflaterInputStream.read([BII)I @ 41 c2
Event: 7.189 Thread 0x000001a9d72766c0 DEOPT PACKING pc=0x000001a9e695f800 sp=0x00000056897fd9e0
Event: 7.189 Thread 0x000001a9d72766c0 DEOPT UNPACKING pc=0x000001a9e5fb23a3 sp=0x00000056897fda30 mode 2
Event: 7.272 Thread 0x000001a9d72766c0 Uncommon trap: trap_request=0xffffffbe fr.pc=0x000001a9e67ba468 relative=0x0000000000001e88
Event: 7.272 Thread 0x000001a9d72766c0 Uncommon trap: reason=profile_predicate action=maybe_recompile pc=0x000001a9e67ba468 method=java.util.TimSort.binarySort([Ljava/lang/Object;IIILjava/util/Comparator;)V @ 34 c2
Event: 7.272 Thread 0x000001a9d72766c0 DEOPT PACKING pc=0x000001a9e67ba468 sp=0x00000056897fda90
Event: 7.272 Thread 0x000001a9d72766c0 DEOPT UNPACKING pc=0x000001a9e5fb23a3 sp=0x00000056897fda70 mode 2
Event: 7.272 Thread 0x000001a9d72766c0 Uncommon trap: trap_request=0xffffffbe fr.pc=0x000001a9e67ba468 relative=0x0000000000001e88
Event: 7.272 Thread 0x000001a9d72766c0 Uncommon trap: reason=profile_predicate action=maybe_recompile pc=0x000001a9e67ba468 method=java.util.TimSort.binarySort([Ljava/lang/Object;IIILjava/util/Comparator;)V @ 34 c2
Event: 7.272 Thread 0x000001a9d72766c0 DEOPT PACKING pc=0x000001a9e67ba468 sp=0x00000056897fda90
Event: 7.272 Thread 0x000001a9d72766c0 DEOPT UNPACKING pc=0x000001a9e5fb23a3 sp=0x00000056897fda70 mode 2
Event: 7.272 Thread 0x000001a9d72766c0 Uncommon trap: trap_request=0xffffffbe fr.pc=0x000001a9e67ba468 relative=0x0000000000001e88
Event: 7.272 Thread 0x000001a9d72766c0 Uncommon trap: reason=profile_predicate action=maybe_recompile pc=0x000001a9e67ba468 method=java.util.TimSort.binarySort([Ljava/lang/Object;IIILjava/util/Comparator;)V @ 34 c2
Event: 7.272 Thread 0x000001a9d72766c0 DEOPT PACKING pc=0x000001a9e67ba468 sp=0x00000056897fda90
Event: 7.272 Thread 0x000001a9d72766c0 DEOPT UNPACKING pc=0x000001a9e5fb23a3 sp=0x00000056897fda70 mode 2
Event: 7.284 Thread 0x000001a9d72766c0 Uncommon trap: trap_request=0xffffffde fr.pc=0x000001a9e68b02f0 relative=0x0000000000000550
Event: 7.284 Thread 0x000001a9d72766c0 Uncommon trap: reason=class_check action=maybe_recompile pc=0x000001a9e68b02f0 method=java.util.Hashtable.get(Ljava/lang/Object;)Ljava/lang/Object; @ 6 c2
Event: 7.284 Thread 0x000001a9d72766c0 DEOPT PACKING pc=0x000001a9e68b02f0 sp=0x00000056897fdde0
Event: 7.284 Thread 0x000001a9d72766c0 DEOPT UNPACKING pc=0x000001a9e5fb23a3 sp=0x00000056897fdd90 mode 2

Classes unloaded (0 events):
No events

Classes redefined (0 events):
No events

Internal exceptions (20 events):
Event: 6.642 Thread 0x000001a9d72766c0 Exception <a 'sun/nio/fs/WindowsException'{0x0000000615a6f5c0}> (0x0000000615a6f5c0) 
thrown [s\open\src\hotspot\share\prims\jni.cpp, line 516]
Event: 6.642 Thread 0x000001a9d72766c0 Exception <a 'sun/nio/fs/WindowsException'{0x0000000615a70570}> (0x0000000615a70570) 
thrown [s\open\src\hotspot\share\prims\jni.cpp, line 516]
Event: 6.642 Thread 0x000001a9d72766c0 Exception <a 'sun/nio/fs/WindowsException'{0x0000000615a70830}> (0x0000000615a70830) 
thrown [s\open\src\hotspot\share\prims\jni.cpp, line 516]
Event: 6.645 Thread 0x000001a9d72766c0 Exception <a 'sun/nio/fs/WindowsException'{0x0000000615b4f9f8}> (0x0000000615b4f9f8) 
thrown [s\open\src\hotspot\share\prims\jni.cpp, line 516]
Event: 6.647 Thread 0x000001a9d72766c0 Exception <a 'sun/nio/fs/WindowsException'{0x0000000615b66fa0}> (0x0000000615b66fa0) 
thrown [s\open\src\hotspot\share\prims\jni.cpp, line 516]
Event: 6.649 Thread 0x000001a9d72766c0 Exception <a 'sun/nio/fs/WindowsException'{0x0000000615b7e530}> (0x0000000615b7e530) 
thrown [s\open\src\hotspot\share\prims\jni.cpp, line 516]
Event: 6.650 Thread 0x000001a9d72766c0 Exception <a 'sun/nio/fs/WindowsException'{0x0000000615b7ec50}> (0x0000000615b7ec50) 
thrown [s\open\src\hotspot\share\prims\jni.cpp, line 516]
Event: 6.650 Thread 0x000001a9d72766c0 Exception <a 'sun/nio/fs/WindowsException'{0x0000000615b7f210}> (0x0000000615b7f210) 
thrown [s\open\src\hotspot\share\prims\jni.cpp, line 516]
Event: 6.650 Thread 0x000001a9d72766c0 Exception <a 'sun/nio/fs/WindowsException'{0x0000000615b7f908}> (0x0000000615b7f908) 
thrown [s\open\src\hotspot\share\prims\jni.cpp, line 516]
Event: 6.650 Thread 0x000001a9d72766c0 Exception <a 'sun/nio/fs/WindowsException'{0x0000000615b7fba0}> (0x0000000615b7fba0) 
thrown [s\open\src\hotspot\share\prims\jni.cpp, line 516]
Event: 6.650 Thread 0x000001a9d72766c0 Exception <a 'sun/nio/fs/WindowsException'{0x0000000615b80800}> (0x0000000615b80800) 
thrown [s\open\src\hotspot\share\prims\jni.cpp, line 516]
Event: 6.650 Thread 0x000001a9d72766c0 Exception <a 'sun/nio/fs/WindowsException'{0x0000000615b80a68}> (0x0000000615b80a68) 
thrown [s\open\src\hotspot\share\prims\jni.cpp, line 516]
Event: 6.650 Thread 0x000001a9d72766c0 Exception <a 'sun/nio/fs/WindowsException'{0x0000000615b816b8}> (0x0000000615b816b8) 
thrown [s\open\src\hotspot\share\prims\jni.cpp, line 516]
Event: 7.254 Thread 0x000001a9d72766c0 Exception <a 'java/lang/NoSuchMethodError'{0x00000006247cf458}: 'java.lang.Object java.lang.invoke.DirectMethodHandle$Holder.invokeStaticInit(java.lang.Object, java.lang.Object, int, int, int, int)'> (0x00000006247cf458) 
thrown [s\open\src\hotspot\share\interpreter\linkResolver.cpp, line 759]
Event: 7.278 Thread 0x000001a9d72766c0 Exception <a 'java/lang/NoSuchMethodError'{0x0000000624053a90}: 'void java.lang.invoke.DirectMethodHandle$Holder.invokeStatic(java.lang.Object, long)'> (0x0000000624053a90) 
thrown [s\open\src\hotspot\share\interpreter\linkResolver.cpp, line 759]
Event: 7.279 Thread 0x000001a9d72766c0 Exception <a 'java/lang/NoSuchMethodError'{0x0000000624058fe8}: 'java.lang.Object java.lang.invoke.DirectMethodHandle$Holder.newInvokeSpecial(java.lang.Object, long)'> (0x0000000624058fe8) 
thrown [s\open\src\hotspot\share\interpreter\linkResolver.cpp, line 759]
Event: 7.280 Thread 0x000001a9d72766c0 Exception <a 'java/lang/NoSuchMethodError'{0x0000000624060150}: 'java.lang.Object java.lang.invoke.DirectMethodHandle$Holder.invokeStatic(java.lang.Object, java.lang.Object, long, java.lang.Object)'> (0x0000000624060150) 
thrown [s\open\src\hotspot\share\interpreter\linkResolver.cpp, line 759]
Event: 7.280 Thread 0x000001a9d72766c0 Exception <a 'java/lang/NoSuchMethodError'{0x0000000624063928}: 'java.lang.Object java.lang.invoke.DirectMethodHandle$Holder.invokeStaticInit(java.lang.Object, java.lang.Object, long, java.lang.Object)'> (0x0000000624063928) 
thrown [s\open\src\hotspot\share\interpreter\linkResolver.cpp, line 759]
Event: 7.281 Thread 0x000001a9d72766c0 Exception <a 'java/lang/NoSuchMethodError'{0x0000000624069f38}: 'java.lang.Object java.lang.invoke.DirectMethodHandle$Holder.newInvokeSpecial(java.lang.Object, java.lang.Object, long)'> (0x0000000624069f38) 
thrown [s\open\src\hotspot\share\interpreter\linkResolver.cpp, line 759]
Event: 7.281 Thread 0x000001a9d72766c0 Exception <a 'java/lang/NoSuchMethodError'{0x000000062406daa8}: 'java.lang.Object java.lang.invoke.Invokers$Holder.linkToTargetMethod(java.lang.Object, long, java.lang.Object)'> (0x000000062406daa8) 
thrown [s\open\src\hotspot\share\interpreter\linkResolver.cpp, line 759]

VM Operations (20 events):
Event: 5.333 Executing VM operation: ICBufferFull
Event: 5.334 Executing VM operation: ICBufferFull done
Event: 5.470 Executing VM operation: ICBufferFull
Event: 5.471 Executing VM operation: ICBufferFull done
Event: 5.584 Executing VM operation: ICBufferFull
Event: 5.585 Executing VM operation: ICBufferFull done
Event: 5.682 Executing VM operation: HandshakeAllThreads
Event: 5.682 Executing VM operation: HandshakeAllThreads done
Event: 5.692 Executing VM operation: ICBufferFull
Event: 5.692 Executing VM operation: ICBufferFull done
Event: 6.189 Executing VM operation: ICBufferFull
Event: 6.189 Executing VM operation: ICBufferFull done
Event: 7.092 Executing VM operation: ICBufferFull
Event: 7.092 Executing VM operation: ICBufferFull done
Event: 7.124 Executing VM operation: HandshakeAllThreads
Event: 7.124 Executing VM operation: HandshakeAllThreads done
Event: 7.149 Executing VM operation: G1CollectForAllocation
Event: 7.159 Executing VM operation: G1CollectForAllocation done
Event: 7.214 Executing VM operation: HandshakeAllThreads
Event: 7.214 Executing VM operation: HandshakeAllThreads done

Events (20 events):
Event: 7.282 loading class java/util/concurrent/SynchronousQueue$Transferer done
Event: 7.282 loading class java/util/concurrent/SynchronousQueue$TransferStack done
Event: 7.282 loading class java/util/concurrent/SynchronousQueue$TransferStack$SNode
Event: 7.282 loading class java/util/concurrent/SynchronousQueue$TransferStack$SNode done
Event: 7.282 loading class java/lang/ProcessImpl$2
Event: 7.282 loading class java/lang/ProcessImpl$2 done
Event: 7.282 loading class java/lang/ProcessBuilder$NullOutputStream
Event: 7.282 loading class java/lang/ProcessBuilder$NullOutputStream done
Event: 7.282 loading class java/lang/ProcessBuilder$NullInputStream
Event: 7.282 loading class java/lang/ProcessBuilder$NullInputStream done
Event: 7.282 loading class jdk/internal/event/ProcessStartEvent
Event: 7.282 loading class jdk/internal/event/ProcessStartEvent done
Event: 7.283 loading class sun/misc/Signal
Event: 7.283 loading class sun/misc/Signal done
Event: 7.283 loading class sun/misc/SignalHandler
Event: 7.283 loading class sun/misc/SignalHandler done
Event: 7.284 loading class sun/misc/Signal$InternalMiscHandler
Event: 7.284 loading class sun/misc/Signal$InternalMiscHandler done
Event: 7.284 loading class sun/misc/Signal$SunMiscHandler
Event: 7.284 loading class sun/misc/Signal$SunMiscHandler done


Dynamic libraries:
0x00007ff7e9a00000 - 0x00007ff7e9a10000 	C:\Program Files\Java\jdk-17\bin\java.exe
0x00007ffd4a3e0000 - 0x00007ffd4a648000 	C:\WINDOWS\SYSTEM32\ntdll.dll
0x00007ffd490f0000 - 0x00007ffd491b9000 	C:\WINDOWS\System32\KERNEL32.DLL
0x00007ffd47530000 - 0x00007ffd47928000 	C:\WINDOWS\System32\KERNELBASE.dll
0x00007ffd47b50000 - 0x00007ffd47c9b000 	C:\WINDOWS\System32\ucrtbase.dll
0x00007ffd390b0000 - 0x00007ffd390c9000 	C:\Program Files\Java\jdk-17\bin\jli.dll
0x00007ffd39090000 - 0x00007ffd390ab000 	C:\Program Files\Java\jdk-17\bin\VCRUNTIME140.dll
0x00007ffd48810000 - 0x00007ffd488c4000 	C:\WINDOWS\System32\ADVAPI32.dll
0x00007ffd49e80000 - 0x00007ffd49f29000 	C:\WINDOWS\System32\msvcrt.dll
0x00007ffd482a0000 - 0x00007ffd48346000 	C:\WINDOWS\System32\sechost.dll
0x00007ffd492a0000 - 0x00007ffd493b8000 	C:\WINDOWS\System32\RPCRT4.dll
0x00007ffd48db0000 - 0x00007ffd48f77000 	C:\WINDOWS\System32\USER32.dll
0x00007ffd48020000 - 0x00007ffd48047000 	C:\WINDOWS\System32\win32u.dll
0x00007ffd29040000 - 0x00007ffd292d4000 	C:\WINDOWS\WinSxS\amd64_microsoft.windows.common-controls_6595b64144ccf1df_6.0.26100.7019_none_3e06ffa0e335b8a8\COMCTL32.dll
0x00007ffd48a80000 - 0x00007ffd48aab000 	C:\WINDOWS\System32\GDI32.dll
0x00007ffd48050000 - 0x00007ffd4817c000 	C:\WINDOWS\System32\gdi32full.dll
0x00007ffd479f0000 - 0x00007ffd47a93000 	C:\WINDOWS\System32\msvcp_win.dll
0x00007ffd3e290000 - 0x00007ffd3e29b000 	C:\WINDOWS\SYSTEM32\VERSION.dll
0x00007ffd49cd0000 - 0x00007ffd49d01000 	C:\WINDOWS\System32\IMM32.DLL
0x00007ffd43930000 - 0x00007ffd4393c000 	C:\Program Files\Java\jdk-17\bin\vcruntime140_1.dll
0x00007ffd38f50000 - 0x00007ffd38fde000 	C:\Program Files\Java\jdk-17\bin\msvcp140.dll
0x00007ffc85710000 - 0x00007ffc862f1000 	C:\Program Files\Java\jdk-17\bin\server\jvm.dll
0x00007ffd48f80000 - 0x00007ffd48f88000 	C:\WINDOWS\System32\PSAPI.DLL
0x00007ffd3dbc0000 - 0x00007ffd3dbf5000 	C:\WINDOWS\SYSTEM32\WINMM.dll
0x00007ffd1f950000 - 0x00007ffd1f95a000 	C:\WINDOWS\SYSTEM32\WSOCK32.dll
0x00007ffd48ca0000 - 0x00007ffd48d14000 	C:\WINDOWS\System32\WS2_32.dll
0x00007ffd462f0000 - 0x00007ffd4630b000 	C:\WINDOWS\SYSTEM32\kernel.appcore.dll
0x00007ffd438d0000 - 0x00007ffd438da000 	C:\Program Files\Java\jdk-17\bin\jimage.dll
0x00007ffd44d90000 - 0x00007ffd44fd2000 	C:\WINDOWS\SYSTEM32\DBGHELP.DLL
0x00007ffd49f30000 - 0x00007ffd4a2bb000 	C:\WINDOWS\System32\combase.dll
0x00007ffd491c0000 - 0x00007ffd49297000 	C:\WINDOWS\System32\OLEAUT32.dll
0x00007ffd2b2b0000 - 0x00007ffd2b2ec000 	C:\WINDOWS\SYSTEM32\dbgcore.DLL
0x00007ffd47aa0000 - 0x00007ffd47b45000 	C:\WINDOWS\System32\bcryptPrimitives.dll
0x00007ffd39060000 - 0x00007ffd39085000 	C:\Program Files\Java\jdk-17\bin\java.dll
0x00007ffd38d40000 - 0x00007ffd38e17000 	C:\Program Files\Java\jdk-17\bin\jsvml.dll
0x00007ffd493d0000 - 0x00007ffd49b21000 	C:\WINDOWS\System32\SHELL32.dll
0x00007ffd47eb0000 - 0x00007ffd4801b000 	C:\WINDOWS\System32\wintypes.dll
0x00007ffd45190000 - 0x00007ffd459ed000 	C:\WINDOWS\SYSTEM32\windows.storage.dll
0x00007ffd481a0000 - 0x00007ffd48292000 	C:\WINDOWS\System32\SHCORE.dll
0x00007ffd48950000 - 0x00007ffd489b7000 	C:\WINDOWS\System32\shlwapi.dll
0x00007ffd47450000 - 0x00007ffd47479000 	C:\WINDOWS\SYSTEM32\profapi.dll
0x00007ffd39040000 - 0x00007ffd39059000 	C:\Program Files\Java\jdk-17\bin\net.dll
0x00007ffd3fd80000 - 0x00007ffd3fea8000 	C:\WINDOWS\SYSTEM32\WINHTTP.dll
0x00007ffd46860000 - 0x00007ffd468cb000 	C:\WINDOWS\system32\mswsock.dll
0x00007ffd39020000 - 0x00007ffd39036000 	C:\Program Files\Java\jdk-17\bin\nio.dll
0x00007ffd38f30000 - 0x00007ffd38f48000 	C:\Program Files\Java\jdk-17\bin\zip.dll
0x00007ffd38f00000 - 0x00007ffd38f24000 	C:\Users\user\.m2\wrapper\dists\apache-maven-3.9.11\03d7e36a140982eea48e22c1dcac01d8862b2550b2939e09a0809bbc5182a5bc\lib\jansi-native\Windows\x86_64\jansi.dll
0x00007ffd38ef0000 - 0x00007ffd38f00000 	C:\Program Files\Java\jdk-17\bin\verify.dll
0x00007ffd46b30000 - 0x00007ffd46b4b000 	C:\WINDOWS\SYSTEM32\CRYPTSP.dll
0x00007ffd46250000 - 0x00007ffd4628a000 	C:\WINDOWS\system32\rsaenh.dll
0x00007ffd46910000 - 0x00007ffd4693b000 	C:\WINDOWS\SYSTEM32\USERENV.dll
0x00007ffd47420000 - 0x00007ffd4744a000 	C:\WINDOWS\SYSTEM32\bcrypt.dll
0x00007ffd46b20000 - 0x00007ffd46b2c000 	C:\WINDOWS\SYSTEM32\CRYPTBASE.dll
0x00007ffd45d50000 - 0x00007ffd45d84000 	C:\WINDOWS\SYSTEM32\IPHLPAPI.DLL
0x00007ffd48ab0000 - 0x00007ffd48aba000 	C:\WINDOWS\System32\NSI.dll
0x00007ffd3fbd0000 - 0x00007ffd3fbee000 	C:\WINDOWS\SYSTEM32\dhcpcsvc6.DLL
0x00007ffd3fba0000 - 0x00007ffd3fbc3000 	C:\WINDOWS\SYSTEM32\dhcpcsvc.DLL
0x00007ffd45df0000 - 0x00007ffd45f1c000 	C:\WINDOWS\SYSTEM32\DNSAPI.dll

dbghelp: loaded successfully - version: 4.0.5 - missing functions: none
symbol engine: initialized successfully - sym options: 0x614 - pdb path: .;C:\Program Files\Java\jdk-17\bin;C:\WINDOWS\SYSTEM32;C:\WINDOWS\WinSxS\amd64_microsoft.windows.common-controls_6595b64144ccf1df_6.0.26100.7019_none_3e06ffa0e335b8a8;C:\Program Files\Java\jdk-17\bin\server;C:\Users\user\.m2\wrapper\dists\apache-maven-3.9.11\03d7e36a140982eea48e22c1dcac01d8862b2550b2939e09a0809bbc5182a5bc\lib\jansi-native\Windows\x86_64

VM Arguments:
jvm_args: --enable-native-access=ALL-UNNAMED -Dclassworlds.conf=C:\Users\user\.m2\wrapper\dists\apache-maven-3.9.11\03d7e36a140982eea48e22c1dcac01d8862b2550b2939e09a0809bbc5182a5bc\bin\m2.conf -Dmaven.home=C:\Users\user\.m2\wrapper\dists\apache-maven-3.9.11\03d7e36a140982eea48e22c1dcac01d8862b2550b2939e09a0809bbc5182a5bc -Dlibrary.jansi.path=C:\Users\user\.m2\wrapper\dists\apache-maven-3.9.11\03d7e36a140982eea48e22c1dcac01d8862b2550b2939e09a0809bbc5182a5bc\lib\jansi-native -Dmaven.multiModuleProjectDirectory=E:\Projects\tonalli-backend 
java_command: org.codehaus.plexus.classworlds.launcher.Launcher clean spring-boot:run
java_class_path (initial): C:\Users\user\.m2\wrapper\dists\apache-maven-3.9.11\03d7e36a140982eea48e22c1dcac01d8862b2550b2939e09a0809bbc5182a5bc\boot\plexus-classworlds-2.9.0.jar
Launcher Type: SUN_STANDARD

[Global flags]
     intx CICompilerCount                          = 12                                        {product} {ergonomic}
     uint ConcGCThreads                            = 3                                         {product} {ergonomic}
     uint G1ConcRefinementThreads                  = 13                                        {product} {ergonomic}
   size_t G1HeapRegionSize                         = 4194304                                   {product} {ergonomic}
    uintx GCDrainStackTargetSize                   = 64                                        {product} {ergonomic}
   size_t InitialHeapSize                          = 528482304                                 {product} {ergonomic}
   size_t MarkStackSize                            = 4194304                                   {product} {ergonomic}
   size_t MaxHeapSize                              = 8401190912                                {product} {ergonomic}
   size_t MaxNewSize                               = 5037359104                                {product} {ergonomic}
   size_t MinHeapDeltaBytes                        = 4194304                                   {product} {ergonomic}
   size_t MinHeapSize                              = 8388608                                   {product} {ergonomic}
    uintx NonNMethodCodeHeapSize                   = 7602480                                {pd product} {ergonomic}
    uintx NonProfiledCodeHeapSize                  = 122027880                              {pd product} {ergonomic}
    uintx ProfiledCodeHeapSize                     = 122027880                              {pd product} {ergonomic}
    uintx ReservedCodeCacheSize                    = 251658240                              {pd product} {ergonomic}
     bool SegmentedCodeCache                       = true                                      {product} {ergonomic}
   size_t SoftMaxHeapSize                          = 8401190912                             {manageable} {ergonomic}
     bool UseCompressedClassPointers               = true                           {product lp64_product} {ergonomic}
     bool UseCompressedOops                        = true                           {product lp64_product} {ergonomic}
     bool UseG1GC                                  = true                                      {product} {ergonomic}
     bool UseLargePagesIndividualAllocation        = false                                  {pd product} {ergonomic}

Logging:
Log output configuration:
 #0: stdout all=warning uptime,level,tags
 #1: stderr all=off uptime,level,tags

Environment Variables:
JAVA_HOME=C:\Program Files\Java\jdk-17\
PATH=C:\Program Files\WindowsApps\Microsoft.PowerShell_7.5.4.0_x64__8wekyb3d8bbwe;C:\Python314\Scripts\;C:\Python314\;C:\Program Files (x86)\NVIDIA Corporation\PhysX\Common;C:\Program Files\Common Files\Oracle\Java\javapath;C:\Program Files (x86)\Common Files\Oracle\Java\java8path;C:\Program Files (x86)\Common Files\Oracle\Java\javapath;C:\Python311\Scripts\;C:\Python311\;C:\WINDOWS\system32;C:\WINDOWS;C:\WINDOWS\System32\Wbem;C:\WINDOWS\System32\WindowsPowerShell\v1.0\;C:\WINDOWS\System32\OpenSSH\;C:\ProgramData\chocolatey\bin;C:\Program Files\RedHat\java-17-openjdk-17.0.7.0.7-1\bin;C:\Program Files\Docker\Docker\resources\bin;C:\Users\user\AppData\Roaming\nvm;C:\Program Files\nodejs;C:\Program Files\dotnet\;C:\Program Files\MATLAB\R2025b\runtime\win64;C:\Program Files\MATLAB\R2025b\bin;C:\Program Files\MATLAB\R2012a\runtime\win64;C:\Program Files\MATLAB\R2012a\bin;C:\Program Files (x86)\Windows Kits\10\Windows Performance Toolkit\;C:\Program Files (x86)\Microchip\MPLAB C32 Suite\bin;C:\PROGRA~2\PICC;C:\Program Files (x86)\Microsoft SQL Server\160\Tools\Binn\;C:\Program Files\Microsoft SQL Server\160\Tools\Binn\;C:\Program Files\Microsoft SQL Server\Client SDK\ODBC\170\Tools\Binn\;C:\Program Files\Microsoft SQL Server\160\DTS\Binn\;C:\Program Files (x86)\Windows Kits\8.1\Windows Performance Toolkit\;C:\Program Files\Git\cmd;C:\Program Files\nodejs\;C:\texlive\2024\bin\windows;C:\Users\user\AppData\Local\activestate\cache\bin;C:\Users\user\AppData\Local\ActiveState\StateTool\release\bin;C:\Users\user\AppData\Local\Programs\Python\Python312\Scripts\;C:\Users\user\AppData\Local\Programs\Python\Python312\;C:\Program Files\PostgreSQL\15\bin;C:\Users\user\AppData\Local\Programs\Microsoft VS Code\bin;C:\Program Files\apache-maven-3.9.3\bin;C:\Users\user\AppData\Local\Programs\oh-my-posh\bin;C:\Users\user\AppData\Local\Microsoft\WindowsApps;C:\Users\user\AppData\Roaming\nvm;C:\Program Files\nodejs;C:\Users\user\AppData\Local\GitHubDesktop\bin;C:\flutter\bin;C:\Python311\Scrip
USERNAME=user
OS=Windows_NT
PROCESSOR_IDENTIFIER=AMD64 Family 25 Model 80 Stepping 0, AuthenticAMD



---------------  S Y S T E M  ---------------

OS:
 Windows 11 , 64 bit Build 26100 (10.0.26100.7019)
OS uptime: 4 days 2:18 hours

CPU: total 16 (initial active 16) (16 cores per cpu, 2 threads per core) family 25 model 80 stepping 0 microcode 0xa50000d, cx8, cmov, fxsr, ht, mmx, 3dnowpref, sse, sse2, sse3, ssse3, sse4a, sse4.1, sse4.2, popcnt, lzcnt, tsc, tscinvbit, avx, avx2, aes, erms, clmul, bmi1, bmi2, adx, sha, fma, vzeroupper, clflush, clflushopt

Memory: 4k page, system-wide physical 32043M (8979M free)
TotalPageFile size 42283M (AvailPageFile size 6M)
current process WorkingSet (physical memory assigned to process): 512M, peak: 512M
current process commit charge ("private bytes"): 606M, peak: 687M

vm_info: Java HotSpot(TM) 64-Bit Server VM (17.0.9+11-LTS-201) for windows-amd64 JRE (17.0.9+11-LTS-201), built on Oct 10 2023 23:16:06 by "mach5one" with MS VC++ 17.1 (VS2022)

END.
